#
# There is insufficient memory for the Java Runtime Environment to continue.
# Native memory allocation (mmap) failed to map 132120576 bytes for Failed to commit area from 0x0000000082800000 to 0x000000008a600000 of length 132120576.
# Possible reasons:
#   The system is out of physical RAM or swap space
#   The process is running with CompressedOops enabled, and the Java Heap may be blocking the growth of the native heap
# Possible solutions:
#   Reduce memory load on the system
#   Increase physical memory or swap space
#   Check if swap backing store is full
#   Decrease Java heap size (-Xmx/-Xms)
#   Decrease number of Java threads
#   Decrease Java thread stack sizes (-Xss)
#   Set larger code cache with -XX:ReservedCodeCacheSize=
# This output file may be truncated or incomplete.
#
#  Out of Memory Error (./src/hotspot/os/windows/os_windows.cpp:3380), pid=14060, tid=33880
#
# JRE version:  (11.0.12+7) (build )
# Java VM: OpenJDK 64-Bit Server VM (11.0.12+7, mixed mode, sharing, tiered, compressed oops, g1 gc, windows-amd64)
# No core dump will be written. Minidumps are not enabled by default on client versions of Windows
#

---------------  S U M M A R Y ------------

Command Line: -agentlib:jdwp=transport=dt_socket,server=n,suspend=y,address=localhost:62361 OOP.Inheritance.MyClass

Host: Intel(R) Core(TM) i5-10300H CPU @ 2.50GHz, 8 cores, 7G,  Windows 10 , 64 bit Build 22621 (10.0.22621.3672)
Time: Tue Jul 30 23:01:43 2024 GMT Summer Time elapsed time: 0.013830 seconds (0d 0h 0m 0s)

---------------  T H R E A D  ---------------

Current thread (0x000001fc20940800):  JavaThread "Unknown thread" [_thread_in_vm, id=33880, stack(0x000000ed6d000000,0x000000ed6d100000)]

Stack: [0x000000ed6d000000,0x000000ed6d100000]
Native frames: (J=compiled Java code, j=interpreted, Vv=VM code, C=native code)
V  [jvm.dll+0x6090fa]
V  [jvm.dll+0x79229e]
V  [jvm.dll+0x79396f]
V  [jvm.dll+0x794033]
V  [jvm.dll+0x24bed8]
V  [jvm.dll+0x60624a]
V  [jvm.dll+0x5facf5]
V  [jvm.dll+0x303b5c]
V  [jvm.dll+0x3039e2]
V  [jvm.dll+0x308706]
V  [jvm.dll+0x34d5cf]
V  [jvm.dll+0x34d000]
V  [jvm.dll+0x2e0c68]
V  [jvm.dll+0x2e1dc6]
V  [jvm.dll+0x76d627]
V  [jvm.dll+0x76edaf]
V  [jvm.dll+0x35a359]
V  [jvm.dll+0x750710]
V  [jvm.dll+0x3c1f8f]
V  [jvm.dll+0x3c4461]
C  [jli.dll+0x5207]
C  [ucrtbase.dll+0x29333]
C  [KERNEL32.DLL+0x1257d]
C  [ntdll.dll+0x5af28]


---------------  P R O C E S S  ---------------

Threads class SMR info:
_java_thread_list=0x000001fc1e6e6ee0, length=0, elements={
}

Java Threads: ( => current thread )

Other Threads:
  0x000001fc2095b000 GCTaskThread "GC Thread#0" [stack: 0x000000ed6d100000,0x000000ed6d200000] [id=32888]
  0x000001fc2098c000 ConcurrentGCThread "G1 Main Marker" [stack: 0x000000ed6d200000,0x000000ed6d300000] [id=480]
  0x000001fc2098d800 ConcurrentGCThread "G1 Conc#0" [stack: 0x000000ed6d300000,0x000000ed6d400000] [id=14416]

[error occurred during error reporting (printing all threads), id 0xc0000005, EXCEPTION_ACCESS_VIOLATION (0xc0000005) at pc=0x00007ffc969b0337]

VM state:not at safepoint (not fully initialized)

VM Mutex/Monitor currently owned by a thread:  ([mutex/lock_event])
[0x000001fc2093c510] Heap_lock - owner thread: 0x000001fc20940800

Heap address: 0x0000000082800000, size: 2008 MB, Compressed Oops mode: Non-zero based: 0x0000000082800000
Narrow klass base: 0x0000000000000000, Narrow klass shift: 0

GC Heap History (0 events):
No events

Deoptimization events (0 events):
No events

Classes redefined (0 events):
No events

Internal exceptions (0 events):
No events

Events (1 events):
Event: 0.008 Loaded shared library C:\Program Files\Microsoft\jdk-11.0.12.7-hotspot\bin\zip.dll


Dynamic libraries:
0x00007ff69aa20000 - 0x00007ff69aa2d000 	C:\Program Files\Microsoft\jdk-11.0.12.7-hotspot\bin\java.exe
0x00007ffd43d10000 - 0x00007ffd43f27000 	C:\WINDOWS\SYSTEM32\ntdll.dll
0x00007ffd42870000 - 0x00007ffd42934000 	C:\WINDOWS\System32\KERNEL32.DLL
0x00007ffd412b0000 - 0x00007ffd4165c000 	C:\WINDOWS\System32\KERNELBASE.dll
0x00007ffd41160000 - 0x00007ffd41271000 	C:\WINDOWS\System32\ucrtbase.dll
0x00007ffd283c0000 - 0x00007ffd283d7000 	C:\Program Files\Microsoft\jdk-11.0.12.7-hotspot\bin\jli.dll
0x00007ffd13350000 - 0x00007ffd13365000 	C:\Program Files\Microsoft\jdk-11.0.12.7-hotspot\bin\VCRUNTIME140.dll
0x00007ffd42150000 - 0x00007ffd422fe000 	C:\WINDOWS\System32\USER32.dll
0x00007ffd26df0000 - 0x00007ffd27083000 	C:\WINDOWS\WinSxS\amd64_microsoft.windows.common-controls_6595b64144ccf1df_6.0.22621.3672_none_2713b9d173822955\COMCTL32.dll
0x00007ffd41280000 - 0x00007ffd412a6000 	C:\WINDOWS\System32\win32u.dll
0x00007ffd41a50000 - 0x00007ffd41af7000 	C:\WINDOWS\System32\msvcrt.dll
0x00007ffd42b60000 - 0x00007ffd42b89000 	C:\WINDOWS\System32\GDI32.dll
0x00007ffd41040000 - 0x00007ffd41159000 	C:\WINDOWS\System32\gdi32full.dll
0x00007ffd416d0000 - 0x00007ffd4176a000 	C:\WINDOWS\System32\msvcp_win.dll
0x00007ffd430f0000 - 0x00007ffd43121000 	C:\WINDOWS\System32\IMM32.DLL
0x00007ffcc62c0000 - 0x00007ffcc635b000 	C:\Program Files\Microsoft\jdk-11.0.12.7-hotspot\bin\msvcp140.dll
0x00007ffc966c0000 - 0x00007ffc97221000 	C:\Program Files\Microsoft\jdk-11.0.12.7-hotspot\bin\server\jvm.dll
0x00007ffd42aa0000 - 0x00007ffd42b52000 	C:\WINDOWS\System32\ADVAPI32.dll
0x00007ffd420a0000 - 0x00007ffd4214a000 	C:\WINDOWS\System32\sechost.dll
0x00007ffd41a20000 - 0x00007ffd41a48000 	C:\WINDOWS\System32\bcrypt.dll
0x00007ffd43150000 - 0x00007ffd43265000 	C:\WINDOWS\System32\RPCRT4.dll
0x00007ffd426b0000 - 0x00007ffd426b8000 	C:\WINDOWS\System32\PSAPI.DLL
0x00007ffd25060000 - 0x00007ffd25069000 	C:\WINDOWS\SYSTEM32\WSOCK32.dll
0x00007ffd39e30000 - 0x00007ffd39e64000 	C:\WINDOWS\SYSTEM32\WINMM.dll
0x00007ffd38e80000 - 0x00007ffd38e8a000 	C:\WINDOWS\SYSTEM32\VERSION.dll
0x00007ffd43070000 - 0x00007ffd430e1000 	C:\WINDOWS\System32\WS2_32.dll
0x00007ffd400c0000 - 0x00007ffd400d8000 	C:\WINDOWS\SYSTEM32\kernel.appcore.dll
0x00007ffd2e800000 - 0x00007ffd2e810000 	C:\Program Files\Microsoft\jdk-11.0.12.7-hotspot\bin\verify.dll
0x00007ffd3e6e0000 - 0x00007ffd3e912000 	C:\WINDOWS\SYSTEM32\DBGHELP.DLL
0x00007ffd41d10000 - 0x00007ffd42098000 	C:\WINDOWS\System32\combase.dll
0x00007ffd43bf0000 - 0x00007ffd43cc7000 	C:\WINDOWS\System32\OLEAUT32.dll
0x00007ffd27090000 - 0x00007ffd270c2000 	C:\WINDOWS\SYSTEM32\dbgcore.DLL
0x00007ffd41770000 - 0x00007ffd417eb000 	C:\WINDOWS\System32\bcryptPrimitives.dll
0x00007ffd0d240000 - 0x00007ffd0d268000 	C:\Program Files\Microsoft\jdk-11.0.12.7-hotspot\bin\java.dll
0x00007ffd2b5d0000 - 0x00007ffd2b5da000 	C:\Program Files\Microsoft\jdk-11.0.12.7-hotspot\bin\jimage.dll
0x00007ffd04710000 - 0x00007ffd04748000 	C:\Program Files\Microsoft\jdk-11.0.12.7-hotspot\bin\jdwp.dll
0x00007ffd0d6f0000 - 0x00007ffd0d707000 	C:\Program Files\Microsoft\jdk-11.0.12.7-hotspot\bin\zip.dll

dbghelp: loaded successfully - version: 4.0.5 - missing functions: none
symbol engine: initialized successfully - sym options: 0x614 - pdb path: .;C:\Program Files\Microsoft\jdk-11.0.12.7-hotspot\bin;C:\WINDOWS\SYSTEM32;C:\WINDOWS\WinSxS\amd64_microsoft.windows.common-controls_6595b64144ccf1df_6.0.22621.3672_none_2713b9d173822955;C:\Program Files\Microsoft\jdk-11.0.12.7-hotspot\bin\server

VM Arguments:
jvm_args: -agentlib:jdwp=transport=dt_socket,server=n,suspend=y,address=localhost:62361 
java_command: OOP.Inheritance.MyClass
java_class_path (initial): C:\Users\ajkla\AppData\Roaming\Code\User\workspaceStorage\616b82d93b6c8f6c15fa47da4ec06024\redhat.java\jdt_ws\JAVA-FULL-COURSE-TELUSKO_8d201ee9\bin
Launcher Type: SUN_STANDARD

[Global flags]
     intx CICompilerCount                          = 4                                         {product} {ergonomic}
     uint ConcGCThreads                            = 2                                         {product} {ergonomic}
     uint G1ConcRefinementThreads                  = 8                                         {product} {ergonomic}
   size_t G1HeapRegionSize                         = 1048576                                   {product} {ergonomic}
    uintx GCDrainStackTargetSize                   = 64                                        {product} {ergonomic}
   size_t InitialHeapSize                          = 132120576                                 {product} {ergonomic}
   size_t MarkStackSize                            = 4194304                                   {product} {ergonomic}
   size_t MaxHeapSize                              = 2105540608                                {product} {ergonomic}
   size_t MinHeapDeltaBytes                        = 1048576                                   {product} {ergonomic}
    uintx NonNMethodCodeHeapSize                   = 5836300                                {pd product} {ergonomic}
    uintx NonProfiledCodeHeapSize                  = 122910970                              {pd product} {ergonomic}
    uintx ProfiledCodeHeapSize                     = 122910970                              {pd product} {ergonomic}
    uintx ReservedCodeCacheSize                    = 251658240                              {pd product} {ergonomic}
     bool SegmentedCodeCache                       = true                                      {product} {ergonomic}
     bool UseCompressedClassPointers               = true                                 {lp64_product} {ergonomic}
     bool UseCompressedOops                        = true                                 {lp64_product} {ergonomic}
     bool UseG1GC                                  = true                                      {product} {ergonomic}
     bool UseLargePagesIndividualAllocation        = false                                  {pd product} {ergonomic}

Logging:
Log output configuration:
 #0: stdout all=warning uptime,level,tags
 #1: stderr all=off uptime,level,tags

Environment Variables:
PATH=C:\Python311\Scripts\;C:\Python311\;C:\Program Files\Microsoft\jdk-11.0.12.7-hotspot\bin;C:\Windows\system32;C:\Windows;C:\Windows\System32\Wbem;C:\Windows\System32\WindowsPowerShell\v1.0\;C:\Windows\System32\OpenSSH\;C:\Program Files (x86)\NVIDIA Corporation\PhysX\Common;C:\Program Files\NVIDIA Corporation\NVIDIA NvDLISR;C:\Program Files\Microsoft SQL Server\150\Tools\Binn\;C:\Program Files\Microsoft SQL Server\Client SDK\ODBC\170\Tools\Binn\;C:\Program Files\dotnet\;C:\Program Files (x86)\Microsoft SQL Server\160\Tools\Binn\;C:\Program Files\Microsoft SQL Server\160\Tools\Binn\;C:\Program Files\Microsoft SQL Server\160\DTS\Binn\;C:\Program Files (x86)\Microsoft SQL Server\150\DTS\Binn\;C:\Program Files\Azure Data Studio\bin;C:\ProgramData\chocolatey\bin;C:\WINDOWS\system32;C:\WINDOWS;C:\WINDOWS\System32\Wbem;C:\WINDOWS\System32\WindowsPowerShell\v1.0\;C:\WINDOWS\System32\OpenSSH\;C:\Program Files\Git\cmd;C:\Program Files\nodejs\;C:\Program Files\MySQL\MySQL Shell 8.0\bin\;C:\Users\ajkla\AppData\Local\Microsoft\WindowsApps;C:\Users\ajkla\AppData\Local\atom\bin;C:\Program Files\JetBrains\PyCharm Community Edition 2022.2\bin;;C:\Users\ajkla\.dotnet\tools;C:\ProgramData\ajkla\GitHubDesktop\bin;C:\Program Files\Azure Data Studio\bin;C:\Users\ajkla\AppData\Local\Programs\Microsoft VS Code\bin;C:\Program Files\nodejs;C:\Users\ajkla\AppData\Local\Microsoft\WindowsApps;C:\Users\ajkla\AppData\Roaming\npm;
USERNAME=ajkla
LANG=en_US.UTF-8
OS=Windows_NT
PROCESSOR_IDENTIFIER=Intel64 Family 6 Model 165 Stepping 2, GenuineIntel



---------------  S Y S T E M  ---------------

OS: Windows 10 , 64 bit Build 22621 (10.0.22621.3672)
OS uptime: 16 days 3:09 hours
Hyper-V role detected

CPU:total 8 (initial active 8) (4 cores per cpu, 2 threads per core) family 6 model 165 stepping 2 microcode 0xe0, cmov, cx8, fxsr, mmx, sse, sse2, sse3, ssse3, sse4.1, sse4.2, popcnt, avx, avx2, aes, clmul, erms, 3dnowpref, lzcnt, ht, tsc, tscinvbit, bmi1, bmi2, adx, fma

Memory: 4k page, system-wide physical 8029M (330M free)
TotalPageFile size 32605M (AvailPageFile size 30M)
current process WorkingSet (physical memory assigned to process): 11M, peak: 11M
current process commit charge ("private bytes"): 60M, peak: 186M

vm_info: OpenJDK 64-Bit Server VM (11.0.12+7) for windows-amd64 JRE (11.0.12+7), built on Jul 21 2021 15:41:43 by "" with unknown MS VC++:1916

END.
